Start testing: Jul 16 13:10 Eastern Daylight Time
----------------------------------------------------------
1/6 Testing: ClusterPartitionerTests
1/6 Test: ClusterPartitionerTests
Command: "D:/DemoScene/DemoScene_Vulkan2026_BaseArchi/DemoScene_2026/build/Debug/ClusterPartitionerTests.exe"
Directory: D:/DemoScene/DemoScene_Vulkan2026_BaseArchi/DemoScene_2026/build
"ClusterPartitionerTests" start time: Jul 16 13:10 Eastern Daylight Time
Output:
----------------------------------------------------------
[2026-07-16 13:10:16.167] [INFO] ClusterPartitioner.cpp:405 - [ClusterPartitioner] Partitioned mesh 0 into 125 clusters (mask texture index: 4294967295).
[2026-07-16 13:10:16.206] [INFO] ClusterPartitioner.cpp:405 - [ClusterPartitioner] Partitioned mesh 1 into 4 clusters (mask texture index: 4294967295).
[2026-07-16 13:10:16.209] [INFO] ClusterPartitioner.cpp:405 - [ClusterPartitioner] Partitioned mesh 5 into 16 clusters (mask texture index: 4294967295).
[2026-07-16 13:10:16.210] [INFO] ClusterPartitioner.cpp:405 - [ClusterPartitioner] Partitioned mesh 7 into 1 clusters (mask texture index: 4294967295).
[ClusterPartitionerTests] All checks PASSED.
<end of output>
Test time =   0.35 sec
----------------------------------------------------------
Test Passed.
"ClusterPartitionerTests" end time: Jul 16 13:10 Eastern Daylight Time
"ClusterPartitionerTests" time elapsed: 00:00:00
----------------------------------------------------------

2/6 Testing: ClusterSimplificationTests
2/6 Test: ClusterSimplificationTests
Command: "D:/DemoScene/DemoScene_Vulkan2026_BaseArchi/DemoScene_2026/build/Debug/ClusterSimplificationTests.exe"
Directory: D:/DemoScene/DemoScene_Vulkan2026_BaseArchi/DemoScene_2026/build
"ClusterSimplificationTests" start time: Jul 16 13:10 Eastern Daylight Time
Output:
----------------------------------------------------------
[2026-07-16 13:10:16.788] [INFO] ClusterPartitioner.cpp:405 - [ClusterPartitioner] Partitioned mesh 0 into 56 clusters (mask texture index: 4294967295).
[2026-07-16 13:10:16.811] [INFO] ClusterGrouping.cpp:198 - [ClusterGrouping] Grouped 56 clusters into 29 groups.
[ClusterSimplificationTests] 56 cluster(s), 29 group(s) (2 singleton), 3200 -> 1678 triangles (24/29 groups reached their target).
[2026-07-16 13:10:16.884] [INFO] ObjExport.cpp:77 - [ObjExport] Exported 29 cluster group(s) to 'cluster_group_simplification_debug.obj' successfully.
[ClusterSimplificationTests] Debug mesh exported to: D:\DemoScene\DemoScene_Vulkan2026_BaseArchi\DemoScene_2026\build\cluster_group_simplification_debug.obj -- open it in Blender/MeshLab and confirm no gaps appear between group boundaries.
[ClusterSimplificationTests] All checks PASSED.
<end of output>
Test time =   0.46 sec
----------------------------------------------------------
Test Passed.
"ClusterSimplificationTests" end time: Jul 16 13:10 Eastern Daylight Time
"ClusterSimplificationTests" time elapsed: 00:00:00
----------------------------------------------------------

3/6 Testing: ClusterDAGTests
3/6 Test: ClusterDAGTests
Command: "D:/DemoScene/DemoScene_Vulkan2026_BaseArchi/DemoScene_2026/build/Debug/ClusterDAGTests.exe"
Directory: D:/DemoScene/DemoScene_Vulkan2026_BaseArchi/DemoScene_2026/build
"ClusterDAGTests" start time: Jul 16 13:10 Eastern Daylight Time
Output:
----------------------------------------------------------
[2026-07-16 13:10:17.546] [INFO] ClusterPartitioner.cpp:405 - [ClusterPartitioner] Partitioned mesh 0 into 56 clusters (mask texture index: 4294967295).
[2026-07-16 13:10:17.554] [INFO] ClusterDAG.cpp:416 - [ClusterDAG] Building DAG for mesh ID 0 (mask texture index: 4294967295)...
[2026-07-16 13:10:17.574] [INFO] ClusterPartitioner.cpp:405 - [ClusterPartitioner] Partitioned mesh 0 into 56 clusters (mask texture index: 4294967295).
[2026-07-16 13:10:17.584] [INFO] ClusterGrouping.cpp:198 - [ClusterGrouping] Grouped 56 clusters into 29 groups.
[2026-07-16 13:10:17.609] [INFO] ClusterDAG.cpp:530 - [ClusterDAG] Level 1 completed: 29 nodes (total nodes: 85).
[2026-07-16 13:10:17.627] [INFO] ClusterDAG.cpp:530 - [ClusterDAG] Level 2 completed: 16 nodes (total nodes: 101).
[2026-07-16 13:10:17.635] [INFO] ClusterDAG.cpp:530 - [ClusterDAG] Level 3 completed: 9 nodes (total nodes: 110).
[2026-07-16 13:10:17.641] [INFO] ClusterDAG.cpp:530 - [ClusterDAG] Level 4 completed: 5 nodes (total nodes: 115).
[2026-07-16 13:10:17.643] [INFO] ClusterDAG.cpp:530 - [ClusterDAG] Level 5 completed: 3 nodes (total nodes: 118).
[2026-07-16 13:10:17.645] [INFO] ClusterDAG.cpp:530 - [ClusterDAG] Level 6 completed: 2 nodes (total nodes: 120).
[2026-07-16 13:10:17.645] [INFO] ClusterDAG.cpp:541 - [ClusterDAG] DAG generation complete. Total levels: 7, Total nodes: 120, Root count: 2. Validation: PASSED.
[ClusterDAGTests] 56 leaf node(s), 64 internal node(s), 2 root(s), max level 6.
[ClusterDAGTests] root 118: level 6, clusterError 13.4221, 92 triangle(s).
[ClusterDAGTests] root 119: level 6, clusterError 3.18726, 57 triangle(s).
[ClusterDAGTests] All checks PASSED.
<end of output>
Test time =   0.40 sec
----------------------------------------------------------
Test Passed.
"ClusterDAGTests" end time: Jul 16 13:10 Eastern Daylight Time
"ClusterDAGTests" time elapsed: 00:00:00
----------------------------------------------------------

4/6 Testing: CacheFileFormatTests
4/6 Test: CacheFileFormatTests
Command: "D:/DemoScene/DemoScene_Vulkan2026_BaseArchi/DemoScene_2026/build/Debug/CacheFileFormatTests.exe"
Directory: D:/DemoScene/DemoScene_Vulkan2026_BaseArchi/DemoScene_2026/build
"CacheFileFormatTests" start time: Jul 16 13:10 Eastern Daylight Time
Output:
----------------------------------------------------------
[2026-07-16 13:10:17.920] [INFO] ClusterDAG.cpp:416 - [ClusterDAG] Building DAG for mesh ID 0 (mask texture index: 4294967295)...
[2026-07-16 13:10:17.929] [INFO] ClusterPartitioner.cpp:405 - [ClusterPartitioner] Partitioned mesh 0 into 4 clusters (mask texture index: 4294967295).
[2026-07-16 13:10:17.930] [INFO] ClusterGrouping.cpp:198 - [ClusterGrouping] Grouped 4 clusters into 2 groups.
[2026-07-16 13:10:17.932] [INFO] ClusterDAG.cpp:530 - [ClusterDAG] Level 1 completed: 2 nodes (total nodes: 6).
[2026-07-16 13:10:17.933] [INFO] ClusterDAG.cpp:530 - [ClusterDAG] Level 2 completed: 1 nodes (total nodes: 7).
[2026-07-16 13:10:17.933] [INFO] ClusterDAG.cpp:541 - [ClusterDAG] DAG generation complete. Total levels: 3, Total nodes: 7, Root count: 1. Validation: PASSED.
[2026-07-16 13:10:17.933] [INFO] FallbackMeshBuilder.cpp:124 - [FallbackMeshBuilder] Building fallback mesh...
[2026-07-16 13:10:17.934] [INFO] FallbackMeshBuilder.cpp:164 - [FallbackMeshBuilder] Built fallback mesh with 5 vertices, 2 triangles (reduced from 200 original leaf triangles).
[2026-07-16 13:10:17.934] [INFO] ClusterDAG.cpp:416 - [ClusterDAG] Building DAG for mesh ID 1 (mask texture index: 4294967295)...
[2026-07-16 13:10:17.934] [INFO] ClusterPartitioner.cpp:405 - [ClusterPartitioner] Partitioned mesh 1 into 1 clusters (mask texture index: 4294967295).
[2026-07-16 13:10:17.934] [INFO] ClusterDAG.cpp:541 - [ClusterDAG] DAG generation complete. Total levels: 1, Total nodes: 1, Root count: 1. Validation: PASSED.
[2026-07-16 13:10:17.934] [INFO] FallbackMeshBuilder.cpp:124 - [FallbackMeshBuilder] Building fallback mesh...
[2026-07-16 13:10:17.935] [INFO] FallbackMeshBuilder.cpp:164 - [FallbackMeshBuilder] Built fallback mesh with 4 vertices, 2 triangles (reduced from 72 original leaf triangles).
[2026-07-16 13:10:17.936] [INFO] CardGenerator.cpp:89 - [CardGenerator] Packing 12 cards into a 2048x2048 atlas...
[2026-07-16 13:10:17.936] [INFO] CardGenerator.cpp:144 - [CardGenerator] Packed 12 cards successfully. Final height usage: 251/2048 texels.
[2026-07-16 13:10:17.936] [INFO] CacheFileManager.cpp:289 - [CacheFileManager] Wrote 'cache_format_test.cache': 8 cluster(s) across 2 entit(y/ies), 2 fallback mesh(es), 12 surface-cache card(s), 57344 bytes total (index table 4096 B, DAG table 4096 B, geometry 32768 B, fallback table 4096 B, fallback data 4096 B, card table 4096 B).
[CacheFileFormatTests] 8 cluster(s), 57344 byte file, header+2 tables+8 geometry block(s), all page-aligned.
[CacheFileFormatTests] All checks PASSED.
<end of output>
Test time =   0.16 sec
----------------------------------------------------------
Test Passed.
"CacheFileFormatTests" end time: Jul 16 13:10 Eastern Daylight Time
"CacheFileFormatTests" time elapsed: 00:00:00
----------------------------------------------------------

5/6 Testing: MeshSDFTests
5/6 Test: MeshSDFTests
Command: "D:/DemoScene/DemoScene_Vulkan2026_BaseArchi/DemoScene_2026/build/Debug/MeshSDFTests.exe"
Directory: D:/DemoScene/DemoScene_Vulkan2026_BaseArchi/DemoScene_2026/build
"MeshSDFTests" start time: Jul 16 13:10 Eastern Daylight Time
Output:
----------------------------------------------------------
[2026-07-16 13:10:17.953] [INFO] MeshSDFGenerator.cpp:250 - [MeshSDFGenerator] Generating SDF (res: 32) for mesh (vertices: 8, triangles: 12)...
[2026-07-16 13:10:17.984] [INFO] MeshSDFGenerator.cpp:350 - [MeshSDFGenerator] SDF compression complete: voxelSize=0.0833, maxDistance=0.3333, 512 blocks generated.
[2026-07-16 13:10:17.986] [INFO] MeshSDFGenerator.cpp:250 - [MeshSDFGenerator] Generating SDF (res: 32) for mesh (vertices: 425, triangles: 768)...
[2026-07-16 13:10:18.400] [INFO] MeshSDFGenerator.cpp:350 - [MeshSDFGenerator] SDF compression complete: voxelSize=0.0833, maxDistance=0.3333, 512 blocks generated.
[MeshSDFTests] All checks PASSED.
<end of output>
Test time =   0.45 sec
----------------------------------------------------------
Test Passed.
"MeshSDFTests" end time: Jul 16 13:10 Eastern Daylight Time
"MeshSDFTests" time elapsed: 00:00:00
----------------------------------------------------------

6/6 Testing: ClusterMaskSplitTests
6/6 Test: ClusterMaskSplitTests
Command: "D:/DemoScene/DemoScene_Vulkan2026_BaseArchi/DemoScene_2026/build/Debug/ClusterMaskSplitTests.exe"
Directory: D:/DemoScene/DemoScene_Vulkan2026_BaseArchi/DemoScene_2026/build
"ClusterMaskSplitTests" start time: Jul 16 13:10 Eastern Daylight Time
Output:
----------------------------------------------------------
[2026-07-16 13:10:18.704] [INFO] ClusterPartitioner.cpp:405 - [ClusterPartitioner] Partitioned mesh 0 into 1 clusters (mask texture index: 4294967295).
[2026-07-16 13:10:18.712] [INFO] ClusterPartitioner.cpp:405 - [ClusterPartitioner] Partitioned mesh 0 into 2 clusters (mask texture index: 0).
[2026-07-16 13:10:18.712] [INFO] ClusterPartitioner.cpp:405 - [ClusterPartitioner] Partitioned mesh 0 into 1 clusters (mask texture index: 0).
[2026-07-16 13:10:18.712] [INFO] ClusterPartitioner.cpp:405 - [ClusterPartitioner] Partitioned mesh 0 into 1 clusters (mask texture index: 0).
[2026-07-16 13:10:18.713] [INFO] ClusterDAG.cpp:416 - [ClusterDAG] Building DAG for mesh ID 0 (mask texture index: 0)...
[2026-07-16 13:10:18.720] [INFO] ClusterPartitioner.cpp:405 - [ClusterPartitioner] Partitioned mesh 0 into 34 clusters (mask texture index: 0).
[2026-07-16 13:10:18.725] [INFO] ClusterGrouping.cpp:198 - [ClusterGrouping] Grouped 34 clusters into 19 groups.
[2026-07-16 13:10:18.734] [INFO] ClusterDAG.cpp:530 - [ClusterDAG] Level 1 completed: 19 nodes (total nodes: 53).
[2026-07-16 13:10:18.741] [INFO] ClusterDAG.cpp:530 - [ClusterDAG] Level 2 completed: 11 nodes (total nodes: 64).
[2026-07-16 13:10:18.746] [INFO] ClusterDAG.cpp:530 - [ClusterDAG] Level 3 completed: 7 nodes (total nodes: 71).
[2026-07-16 13:10:18.749] [INFO] ClusterDAG.cpp:530 - [ClusterDAG] Level 4 completed: 6 nodes (total nodes: 77).
[2026-07-16 13:10:18.749] [INFO] ClusterDAG.cpp:541 - [ClusterDAG] DAG generation complete. Total levels: 5, Total nodes: 77, Root count: 6. Validation: PASSED.
[ClusterMaskSplitTests] All checks passed.
<end of output>
Test time =   0.20 sec
----------------------------------------------------------
Test Passed.
"ClusterMaskSplitTests" end time: Jul 16 13:10 Eastern Daylight Time
"ClusterMaskSplitTests" time elapsed: 00:00:00
----------------------------------------------------------

End testing: Jul 16 13:10 Eastern Daylight Time
